<?xml version="1.0" encoding="UTF-8"?>
<testng-results ignored="0" total="3" passed="3" failed="0" skipped="0">
  <reporter-output>
  </reporter-output>
  <suite started-at="2022-04-23T04:58:40Z" name="Default suite" finished-at="2022-04-23T04:58:56Z" duration-ms="16063">
    <groups>
      <group name="cucumber">
        <method signature="AbstractTestNGCucumberTests.runScenario(io.cucumber.testng.PickleWrapper, io.cucumber.testng.FeatureWrapper)[pri:0, instance:runnerclass.testngrunner@5be46f9d]" name="runScenario" class="io.cucumber.testng.AbstractTestNGCucumberTests"/>
      </group> <!-- cucumber -->
    </groups>
    <test started-at="2022-04-23T04:58:40Z" name="Default test" finished-at="2022-04-23T04:58:56Z" duration-ms="16063">
      <class name="runnerclass.testngrunner">
        <test-method is-config="true" signature="setUpClass()[pri:0, instance:runnerclass.testngrunner@5be46f9d]" started-at="2022-04-23T04:58:40Z" name="setUpClass" finished-at="2022-04-23T04:58:41Z" duration-ms="250" status="PASS">
          <reporter-output>
          </reporter-output>
        </test-method> <!-- setUpClass -->
        <test-method signature="runScenario(io.cucumber.testng.PickleWrapper, io.cucumber.testng.FeatureWrapper)[pri:0, instance:runnerclass.testngrunner@5be46f9d]" started-at="2022-04-23T04:58:41Z" name="runScenario" description="Runs Cucumber Scenarios" data-provider="scenarios" finished-at="2022-04-23T04:58:45Z" duration-ms="4605" status="PASS">
          <params>
            <param index="0">
              <value>
                <![CDATA["login page title"]]>
              </value>
            </param>
            <param index="1">
              <value>
                <![CDATA["Optional[Login page feature]"]]>
              </value>
            </param>
          </params>
          <reporter-output>
          </reporter-output>
        </test-method> <!-- runScenario -->
        <test-method signature="runScenario(io.cucumber.testng.PickleWrapper, io.cucumber.testng.FeatureWrapper)[pri:0, instance:runnerclass.testngrunner@5be46f9d]" started-at="2022-04-23T04:58:45Z" name="runScenario" description="Runs Cucumber Scenarios" data-provider="scenarios" finished-at="2022-04-23T04:58:50Z" duration-ms="4364" status="PASS">
          <params>
            <param index="0">
              <value>
                <![CDATA["Forgot Password link"]]>
              </value>
            </param>
            <param index="1">
              <value>
                <![CDATA["Optional[Login page feature]"]]>
              </value>
            </param>
          </params>
          <reporter-output>
          </reporter-output>
        </test-method> <!-- runScenario -->
        <test-method signature="runScenario(io.cucumber.testng.PickleWrapper, io.cucumber.testng.FeatureWrapper)[pri:0, instance:runnerclass.testngrunner@5be46f9d]" started-at="2022-04-23T04:58:50Z" name="runScenario" description="Runs Cucumber Scenarios" data-provider="scenarios" finished-at="2022-04-23T04:58:55Z" duration-ms="5684" status="PASS">
          <params>
            <param index="0">
              <value>
                <![CDATA["Login with correct credentials"]]>
              </value>
            </param>
            <param index="1">
              <value>
                <![CDATA["Optional[Login page feature]"]]>
              </value>
            </param>
          </params>
          <reporter-output>
          </reporter-output>
        </test-method> <!-- runScenario -->
        <test-method is-config="true" signature="tearDownClass()[pri:0, instance:runnerclass.testngrunner@5be46f9d]" started-at="2022-04-23T04:58:55Z" name="tearDownClass" finished-at="2022-04-23T04:58:56Z" duration-ms="1143" status="PASS">
          <reporter-output>
          </reporter-output>
        </test-method> <!-- tearDownClass -->
      </class> <!-- runnerclass.testngrunner -->
    </test> <!-- Default test -->
  </suite> <!-- Default suite -->
</testng-results>
